[debug] [2023-10-06T06:32:08.735Z] ----------------------------------------------------------------------
[debug] [2023-10-06T06:32:08.737Z] Command:       C:\Program Files\nodejs\node.exe C:\Users\Rios\AppData\Roaming\npm\node_modules\firebase-tools\lib\bin\firebase.js init
[debug] [2023-10-06T06:32:08.737Z] CLI Version:   12.6.1
[debug] [2023-10-06T06:32:08.737Z] Platform:      win32
[debug] [2023-10-06T06:32:08.737Z] Node Version:  v18.12.1
[debug] [2023-10-06T06:32:08.738Z] Time:          Fri Oct 06 2023 12:02:08 GMT+0530 (India Standard Time)
[debug] [2023-10-06T06:32:08.738Z] ----------------------------------------------------------------------
[debug] 
[debug] [2023-10-06T06:32:08.746Z] > command requires scopes: ["email","openid","https://www.googleapis.com/auth/cloudplatformprojects.readonly","https://www.googleapis.com/auth/firebase","https://www.googleapis.com/auth/cloud-platform"]
[debug] [2023-10-06T06:32:08.746Z] > authorizing via signed-in user (mangeshdhole97@gmail.com)
[info] 
     ######## #### ########  ######## ########     ###     ######  ########
     ##        ##  ##     ## ##       ##     ##  ##   ##  ##       ##
     ######    ##  ########  ######   ########  #########  ######  ######
     ##        ##  ##    ##  ##       ##     ## ##     ##       ## ##
     ##       #### ##     ## ######## ########  ##     ##  ######  ########

You're about to initialize a Firebase project in this directory:

  E:\2023\ng\_MACHINE-TEST\netflix_0

[info] 
=== Project Setup
[info] 
[info] First, let's associate this project directory with a Firebase project.
[info] You can create multiple project aliases by running firebase use --add, 
[info] but for now we'll just set up a default project.
[info] 
[debug] [2023-10-06T06:32:17.309Z] > refreshing access token with scopes: []
[debug] [2023-10-06T06:32:17.310Z] >>> [apiv2][query] POST https://www.googleapis.com/oauth2/v3/token [none]
[debug] [2023-10-06T06:32:17.311Z] >>> [apiv2][body] POST https://www.googleapis.com/oauth2/v3/token [omitted]
[debug] [2023-10-06T06:32:17.813Z] <<< [apiv2][status] POST https://www.googleapis.com/oauth2/v3/token 200
[debug] [2023-10-06T06:32:17.813Z] <<< [apiv2][body] POST https://www.googleapis.com/oauth2/v3/token [omitted]
[debug] [2023-10-06T06:32:17.822Z] >>> [apiv2][query] GET https://firebase.googleapis.com/v1beta1/projects pageSize=100
[debug] [2023-10-06T06:32:18.773Z] <<< [apiv2][status] GET https://firebase.googleapis.com/v1beta1/projects 200
[debug] [2023-10-06T06:32:18.774Z] <<< [apiv2][body] GET https://firebase.googleapis.com/v1beta1/projects [omitted]
[debug] [2023-10-06T06:32:34.943Z] ----------------------------------------------------------------------
[debug] [2023-10-06T06:32:34.945Z] Command:       C:\Program Files\nodejs\node.exe C:\Users\Rios\AppData\Roaming\npm\node_modules\firebase-tools\lib\bin\firebase.js init
[debug] [2023-10-06T06:32:34.945Z] CLI Version:   12.6.1
[debug] [2023-10-06T06:32:34.946Z] Platform:      win32
[debug] [2023-10-06T06:32:34.946Z] Node Version:  v18.12.1
[debug] [2023-10-06T06:32:34.946Z] Time:          Fri Oct 06 2023 12:02:34 GMT+0530 (India Standard Time)
[debug] [2023-10-06T06:32:34.947Z] ----------------------------------------------------------------------
[debug] 
[debug] [2023-10-06T06:32:34.954Z] > command requires scopes: ["email","openid","https://www.googleapis.com/auth/cloudplatformprojects.readonly","https://www.googleapis.com/auth/firebase","https://www.googleapis.com/auth/cloud-platform"]
[debug] [2023-10-06T06:32:34.954Z] > authorizing via signed-in user (mangeshdhole97@gmail.com)
[info] 
     ######## #### ########  ######## ########     ###     ######  ########
     ##        ##  ##     ## ##       ##     ##  ##   ##  ##       ##
     ######    ##  ########  ######   ########  #########  ######  ######
     ##        ##  ##    ##  ##       ##     ## ##     ##       ## ##
     ##       #### ##     ## ######## ########  ##     ##  ######  ########

You're about to initialize a Firebase project in this directory:

  E:\2023\ng\_MACHINE-TEST\netflix_0

